9BD6AD8DFB29AF6F363A611B0E10A90B|a0003775_dll/IN10-0593_System_Volume_Information__restore{33BF366E-0676-4F82-86F5-1FFAFF21B54B}_RP15_A0003775.dll.tmp
0BF64C7A776ED0151D7B1DA4CE84B0E1|cdfview_dll/DE001-0003_Muell_NtUninstallKB916281_cdfview.dll.tmp
D4E3352E66662938D0C157EF5D6EBC87|cdfview_dll/DE001-0003_Muell_NtUninstallKB918899_cdfview.dll.tmp
A44B713964BB6956447D57053AE29C58|cdfview_dll/DE001-0003_Muell_NtUninstallKB922760_cdfview.dll.tmp
012DAF23728FE0101D75B2F3AEDD04CD|cdfview_dll/DE001-0003_Muell_NtUninstallKB928090_cdfview.dll.tmp
181FA16E9FC46BA5A103E56F2A405781|cdfview_dll/DE001-0003_Muell_hf_mig_KB912812_SP2QFE_cdfview.dll.tmp
6DF91B44A2A7F97CDEC4E11DED1ECEE3|cdfview_dll/DE001-0003_Muell_hf_mig_KB916281_SP2QFE_cdfview.dll.tmp
01DB74FFB2723CA35C77AD4BBA3318BD|cdfview_dll/DE001-0003_Muell_hf_mig_KB918899_SP2QFE_cdfview.dll.tmp
8A650401A4F75869748BE25B4F5FC074|cdfview_dll/DE001-0003_Muell_hf_mig_KB922760_SP2QFE_cdfview.dll.tmp
D4C8600118B81B73FDEAD50C3382C7B7|cdfview_dll/DE001-0005_WINDOWS_hf_mig_KB896688_SP2QFE_cdfview.dll.tmp
ACC215C5D357959362880420C242DF47|cdfview_dll/HU001-0001_WINDOWS_system32_cdfview.dll.tmp
BBCCDF5975FA2E070A4157A4693004F8|cdfview_dll/IL004-0010_WINDOWS_NtServicePackUninstall_cdfview.dll.tmp
B4DD0E20556FBACE0886A0E204701E5C|cdfview_dll/IL004-0010_WINDOWS_NtUninstallKB896688_cdfview.dll.tmp
27CEBD3CC379C1034704D5E9420BBE56|cdfview_dll/IL004-0010_WINDOWS_NtUninstallKB896727_cdfview.dll.tmp
8DA2D768B60B0AF3C83F7A3B5AECB37C|cdfview_dll/IL004-0010_WINDOWS_NtUninstallKB905915_cdfview.dll.tmp
BB16607965704FA492FA6AFD7188565B|cdfview_dll/IL004-0010_WINDOWS_NtUninstallKB916281_cdfview.dll.tmp
87074B1A301EF0A8B3E8DE37CD69C300|cdfview_dll/IL004-0010_WINDOWS_NtUninstallKB922760_cdfview.dll.tmp
75DF652D28AC89F00B509DDD9157B034|cdfview_dll/IL004-0010_WINDOWS_NtUninstallKB925454_cdfview.dll.tmp
B635BE7E778AEF037B1679B4EA5B0624|cdfview_dll/IL004-0010_WINDOWS_hf_mig_KB883939_SP2QFE_cdfview.dll.tmp
28C01740F911BC76A0356A4E0B5D2039|cdfview_dll/IL004-0010_WINDOWS_hf_mig_KB896688_SP2QFE_cdfview.dll.tmp
350F0D083DA3635EAD579045463FA516|cdfview_dll/IL004-0010_WINDOWS_hf_mig_KB896727_SP2QFE_cdfview.dll.tmp
236D232572425E20346B1570A5F28A69|cdfview_dll/IL004-0010_WINDOWS_hf_mig_KB905915_SP2QFE_cdfview.dll.tmp
5724FCD0B2EC47638A75FC7BF6D89A8D|cdfview_dll/IL004-0011_WINDOWS_NtUninstallKB883939_cdfview.dll.tmp
5A4F8347B1FAA689B1DBE67B20864EE2|cdfview_dll/IL004-0011_WINDOWS_hf_mig_KB890923_SP2QFE_cdfview.dll.tmp
BA8D572C401C26CC4D492700AD8743A0|cdfview_dll/IL004-0015_WINDOWS_NtUninstallKB918899_cdfview.dll.tmp
6BABB586DD95B55EC1EB83730D63A9E8|cdfview_dll/IL004-0015_WINDOWS_NtUninstallKB922760_cdfview.dll.tmp
6EABBE3C0AF55C982B26562310418416|cdfview_dll/IL004-0015_WINDOWS_NtUninstallKB925454_cdfview.dll.tmp
56DA39F786EE2D557D10E0208EEEE5A7|cdfview_dll/IL004-0019_WINDOWS_NtUninstallKB867282_cdfview.dll.tmp
3414FB787208F0E5CBF7CC2982F6CC1F|cdfview_dll/IL004-0019_WINDOWS_NtUninstallKB883939_cdfview.dll.tmp
F75A9493B8D3105C769C56CF66B3539F|cdfview_dll/IL004-0019_WINDOWS_NtUninstallKB896727_cdfview.dll.tmp
DED500255AB523473B9DC4EDF617A0E9|cdfview_dll/IL004-0019_WINDOWS_NtUninstallKB905915_cdfview.dll.tmp
A432477CC286D0E3A889FBD0B7B67F9A|cdfview_dll/IL004-0019_WINDOWS_NtUninstallKB916281_cdfview.dll.tmp
9DF4FA57057CD764DA7916651B59A302|cdfview_dll/IL004-0019_WINDOWS_NtUninstallKB918899_cdfview.dll.tmp
C8A1550A31CC531BF9D44B7FE22432E5|cdfview_dll/IL004-0019_WINDOWS_NtUninstallKB922760_cdfview.dll.tmp
61CAEBBB70C7ADFAAC4E5C4EC5F71938|cdfview_dll/IL004-0019_WINDOWS_NtUninstallKB925454_cdfview.dll.tmp
C37298E6CCF0B4F19A429555D7EAC681|cdfview_dll/IL004-0019_WINDOWS_NtUninstallKB928090_cdfview.dll.tmp
760C573EB78D544CB42A92F45F9F711A|cdfview_dll/IL004-0019_WINDOWS_hf_mig_KB883939_SP2QFE_cdfview.dll.tmp
684BA749FF157813AB411B39D97717BB|cdfview_dll/IL004-0019_WINDOWS_hf_mig_KB890923_SP2QFE_cdfview.dll.tmp
96B186C2AC8EA763548CE467CE8265E4|cdfview_dll/IL004-0019_WINDOWS_hf_mig_KB896727_SP2QFE_cdfview.dll.tmp
BA0257D5A8D5FFE47325FE05A0AFED27|cdfview_dll/IL004-0019_WINDOWS_hf_mig_KB905915_SP2QFE_cdfview.dll.tmp
23D532DD13026C16B6AAAF9AEB848FC7|cdfview_dll/IL004-0019_WINDOWS_hf_mig_KB912812_SP2QFE_cdfview.dll.tmp
7E9711C16B4075AD59403E6528A3097D|cdfview_dll/IL004-0019_WINDOWS_hf_mig_KB916281_SP2QFE_cdfview.dll.tmp
376EC4D39813DD515023B6D5B9712395|cdfview_dll/IL004-0019_WINDOWS_hf_mig_KB918899_SP2QFE_cdfview.dll.tmp
D87334CB938D6A41D2AE5F45F43A22E1|cdfview_dll/IL004-0019_WINDOWS_hf_mig_KB922760_SP2QFE_cdfview.dll.tmp
B4ABB1D75251AA545FD576E81B990190|cdfview_dll/IL004-0019_WINDOWS_hf_mig_KB925454_SP2QFE_cdfview.dll.tmp
4D80A3C2915F7F60FB99C6ED474EEF80|cdfview_dll/IL005-0006_WINDOWS_NtUninstallKB944533_cdfview.dll.tmp
63A94A1044CFD14CAC39E2E29CAF3472|cdfview_dll/IL005-0017_WINDOWS_NtUninstallKB928090_cdfview.dll.tmp
40E57CA21806DA92ABBEF256A266C8EB|cdfview_dll/IL007-0007_WINDOWS_SoftwareDistribution_Download_23125c114837108faf486152ee8a1443_rtmgdr_cdfview.dll.tmp
7DDA1A2413148268508375D17E392767|cdfview_dll/IL007-0011_WINDOWS_hf_mig_KB896688_SP2QFE_cdfview.dll.tmp
9D099EA1CCD29FE885CE1381E9A6C3E9|cdfview_dll/IL3-0207_WINNT_NtUninstallKB972260-IE6SP1-20090722.120000_cdfview.dll.tmp
8CD3D8EC05110EFE4E9744E42D0AA2FC|cdfview_dll/PA002-051_WINDOWS_system32_cdfview.dll.tmp
D8DCD53E724F01A41098DC04936E1B83|cdfview_dll/PS01-069_WINNT_NtUninstallKB925454-IE6SP1-20061116.120000_cdfview.dll.tmp
D4F32DEF644DFF42DF357EFEE2BC37D5|cdfview_dll/PS01-069_WINNT_NtUninstallKB928090-IE6SP1-20070125.120000_cdfview.dll.tmp
4DC5DBB8CEC70F0B1038B68F300C29F5|cdfview_dll/PS02-015_WINDOWS_system32_cdfview.dll.tmp
E05B9FB1248B1358BEF3BCDF11682C35|cdfview_dll/TR1001-0008_WINDOWS_NtUninstallKB982381_cdfview.dll.tmp
7FF168848D504B7DC5434744D8B44212|cdfview_dll/TR1001-0009_WINDOWS_system32_dllcache_cdfview.dll.tmp
CF0EE9344AA4DBC63CC88F887744BCB4|hotfix_exe/PS01-069_WINNT_NtUninstallQ299796_hotfix.exe.tmp
D62F77F756B108ACA23E79DF12C566D2|hotfix_exe/PS01-069_WINNT_NtUninstallQ302755_hotfix.exe.tmp
8F77E229B5959BB8AC0D73C930ABBE15|hotfix_exe/PS01-087_temp_ext21170_hotfix.exe.tmp
DE49B348A18369B4626FBA1D49B07FB4|iexplore_exe/AE10-1003_WINDOWS_system32_dllcache_iexplore.exe.tmp
2703D940A62B731AA220529DD7331A78|iexplore_exe/DE001-0003_Muell_system32_dllcache_iexplore.exe.tmp
3AC2BC667DA0AF2C968E96E1630F5AB5|iexplore_exe/DE001-0003_WINDOWS_ie7updates_KB944533-IE7_iexplore.exe.tmp
2D0E5592AB5A46C27DAF7CCAFF4F5B59|iexplore_exe/DE001-0003_WINDOWS_ie7updates_KB953838-IE7_iexplore.exe.tmp
1F44940EF1D07D0BDAF80E55853DFBD0|iexplore_exe/IL004-0017_Windows_winsxs_wow64_microsoft-windows-ie-internetexplorer_31bf3856ad364e35_6.0.6000.16851_none_93b9fbb309bdc263_iexplore.exe.tmp
3CFC56F73D494FC1AA2B6E981DF15ACD|iexplore_exe/IL006-0004_WINDOWS_ie7updates_KB974455-IE7_iexplore.exe.tmp
46954C569304417E204BCC95384F7223|iexplore_exe/PA002-051_WINDOWS_system32_dllcache_iexplore.exe.tmp
1106DB425D393F2590F1378417C9850C|iexplore_exe/TR1001-0008_Program_Files_Internet_Explorer_iexplore.exe.tmp
EB324E6B1B91F048738EEEE4D16A4AA5|policytool_exe/DE001-0005_Programme_Java_jre1.5.0_06_bin_policytool.exe.tmp
37899BB7C5C9B483761F3977E49FF459|webclnt_dll/AE10-005_WINDOWS_NtUninstallKB911927_webclnt.dll.tmp
F5D3A74BD89E86A735E8F1DB93E3A48F|webclnt_dll/AE10-005_WINDOWS_system32_webclnt.dll.tmp
5490CBEE8D2FDD6D4430EED9D092496C|webclnt_dll/HU001-0001_WINDOWS_system32_webclnt.dll.tmp
C195C1C434E4F902EB2EDF22C5DE9CB4|webclnt_dll/IL004-0010_WINDOWS_SoftwareDistribution_Download_793f124195dbb56fd1932447ccb9ac04_sp1qfe_webclnt.dll.tmp
74E144CF72B0DFB1CD8DB4C0BBA13071|webclnt_dll/IL004-0019_WINDOWS_NtUninstallKB911927_webclnt.dll.tmp
842706F71A734C98594FA19915E8DD9F|webclnt_dll/IL007-0007_WINDOWS_SoftwareDistribution_Download_7ac9d351f921b66b69a6d97438c8b570_sp1qfe_webclnt.dll.tmp
C5242B95657933F0CEF3157F6A0E8EA7|webclnt_dll/IL4-0002_WINDOWS_SoftwareDistribution_Download_ff8044f26e091ff4d09b3860932ee4eb_sp1qfe_webclnt.dll.tmp
D725713FA6ADFCD7B011FD7D90459272|webclnt_dll/PA002-048_WINDOWS_system32_dllcache_webclnt.dll.tmp
7F4DF511536A31A340C3193322CCE39C|webclnt_dll/PS02-015_WINDOWS_system32_dllcache_webclnt.dll.tmp
B60315920290F1BA4E38DB4AF850CDAB|webclnt_dll/TR1001-0009_WINDOWS_system32_dllcache_webclnt.dll.tmp
913CEBA16F7C22F1AA4F27679ACFE7CC|wmplayer_exe/BS001-0022_Windows_winsxs_x86_microsoft-windows-mediaplayer-core_31bf3856ad364e35_6.1.7600.20518_none_0c186845c94f7465_wmplayer.exe.tmp
3F65D5D0A00427D19B2D1461580E2777|wmplayer_exe/DE001-0002_Programme_Windows_Media_Player_wmplayer.exe.tmp
A5EED55E5DB8E1C6B38ACD01ED520EB2|wmplayer_exe/MY01-060_Program_Files_Windows_Media_Player_wmplayer.exe.tmp
