1041368400|0046BA5C2F1965EF95E1FB178E66E4E7
984011858|004DF3198D24B227ED2E9960C2DB5185
1198876464|006217DDFDAC98BF0D88114908ADB32A
1116949141|007EFFFAE4162C098C23ABD7A92B0DB1
1011282462|0133D7935562FDA17B7B7AFC909CD621
1079086724|0165D6905933D9D63F0A6D9C1A0841BA
1108005564|019508CF689E8D6141C8947644724619
996013940|01A9E0E6E1EE4FBD6C91E4FC1A18010B
1208230174|020CADC9A5352A7AB5E1C8AD7AB6EE13
1548450375|021adb944dd4208cc01c9a14969b9b49
1127538086|036AD6E07A4C93D94F28FA80A61F83CD
1091609142|04205D82FEA54792FC9DBC2E8797390F
1030107708|04274AFF803A5F942AB89D6EC3488E47
1239712380|0435C2927CAEAF4ACC92C0ECE3470CB2
1228296014|04A4EB1A86EB40853838EB89B70CB948
995003854|051B5C2A332DAF30BC84C7A013425517
1377172626|07106140D0596D785328DEFE0297166A
1548452885|0710f09b32c3caaa441b352e13a1225e
1024457626|083169CA26160E44CFE4C0096A093C48
1242939854|0853E18C5AA180BC516E53EDB3F0713E
1200912725|087FB33DCCA4502787B77D3010BBB497
1161987270|08855E5C44C248D57ADE337B465138E5
1121093576|09B0407CCBF870AB8016888638B25FD1
852668134|09F6C3A3AA94F241CFD2EFF4BA98D258
1296496028|0A141AE2120E988FEAD4616550DB4557
1054299602|0A738DF2AC9DDA22D9A4058F8FD6D7F2
1208143143|0AEF71A1B60DB129459B5F55A1DFF109
1208169712|0B3BC399B8E478686D95DB7A3A664A37
1091577350|0B6605237833644FDDBF778717BF2CA9
1244647762|0B8AE4D888944996D2C44364D8B5ADB4
1196513796|0B9D4DB2C30141A9353CDCE25F777ADD
944521200|0BC8F0F06624CB66C7E37C24D98EED00
1091588212|0C4751C3D1CA92B4285B57AF4BE81D59
968839216|0DBC299C6C2CE51185E93767F7EA79D0
1208185218|0EC8CF972C10226A2252578BDB35A1E0
1171857600|0EFF1D756A7EC325035ADD44D5E88185
926450100|0F030F2438F5F68BB30CB59A13B554B7
1201320488|0F17B2B1E2FB4EFABBE1D87B415AB006
1185547308|0FF4E4E0DD01E7872D9C2013560FD4A7
1548450375|0a3d648edbb152e16799e5e90f82e4a7
1343322386|105275EEC8CCF36A7374CF57FC7CA472
1206117400|10FEA5158151336A840FD560EB46FE8A
1033196400|11A739721FC1BA06CE828791C8ABF377
996182336|11B1AD66EEF886CE60B89ED4811209A5
1272815046|12BC020973624027997D7757D9568BC4
1097908264|131B0C07643D0EBD232A1F26E5C2D179
952585456|133515768FD0ED427DA1B935A84FEB90
1548452886|136ef28c1d1672d1ffb99fdf7ad39c0a
1069111980|14D2DD254039DDCD6EF181B6AE469D40
1109259120|153E02CBC7F21FCDB8C719B6CC5551ED
1091778600|16220CCC84C363002F78B1683F641741
1548452885|1675e1c4c2f5196d082eda2d0a4952b7
1095473525|17751580EE5B358CF4FBBC1CB985D17C
1044915846|17765B1454F5349CE4D51235D0F122BC
969045120|1888A9A3074B07F08063E7E63D343AC0
1221566400|18E803382056052A1234DC39AA6EC08E
1059434914|1A3D7920FDB2AEB3E528698787F7C1D6
1024040528|1A6142CE11D192741BC63D80E62CAF1B
1243419948|1AF22D112E7C63D20A0F02D749C9C5C3
1079079530|1B14F9E9FCED0F63BF52A7DD4EE07D09
1162478185|1B5C61EADF3E43F3DE4C35D5CBC900C3
1203540603|1B6484AA4A9C056D20718285FC4CA220
1236486770|1B6FF5B9A21DE2E89BB014932A414E7E
1091602496|1B75F2811F681AC20E367B1064B1A6AC
1089644400|1BAB2DB8CCE2E4388CCFEC97CA6A4AC4
1043978898|1BD0E5DD2C98CC5DD6FA75D4F014AE0C
1290266848|1D626FE2E13C1CE49CA0136CFF214E93
934881720|1D7D67DABC87286AB3061345B11D14D5
1208244592|1DCAB84173A554162BA2438B92415C1B
956905200|1DCD35A54BA6656C96F85DC8E8A7BD91
1247534100|1DF19C96EEF6C29D1C3E1A8678E07190
1093602102|1DF1A449FD19F37DA06FE1A76EE74398
1056700810|1F6A2872D3A89E0647E8633BFCB6B4A8
1063465381|1FB74335BE6A06F6F78BD225B2956E50
1000933200|1FC3FB2E6A43DA77591E50FDD3D2E42C
1548450375|1e15f14b9bc86725231c240fea769a6a
1200760512|2015BD64CC3EDCD6204FEC5700E40AFE
936829748|208669C795E699914D3E85DC5A64B6CB
1091605954|22029EE49E4E2CB62010584A54AAD0FB
1548452885|2259ac48e52672447dfe625e92c47173
1091658600|229679D6A0810EA8628CC15CB41884B8
1237253789|22DE65493BD220BDE2A3EAC334E17D08
1239459073|22E65FFD640F16968F855F5B3528D366
1548452884|23fee918f31980f39c6e5bbc5719591a
1003611600|25751831788288444B9C0A8B78C4FBFA
1315435709|258CE4685B2A6465FB1821AA45A118AE
925993320|258F924EF02F4ED240CCA076B2D65B90
960523200|25B6938A07E96291DC37A068BAACB206
998701200|2691CF7BA0422D3858FF124E28E76C71
1208168527|26C601EF7525E31379744ABFC6F35A1B
1084592460|26F047CDECD7C44B540AA5C46930F39A
1548452885|272611437bc05ccc1a661b19a310ae33
1120691764|27F3B69CC553575F5D6EE56B9B7D5885
1201320488|292B2996B0526E0747D1E49860BB868D
1548450375|295272c3377b196e85751e5bd64d4684
1089644400|2A8A49DA28C0ACD1673E914EA98B4079
1092471404|2B028866AED4C44E65C366106E249834
1208184752|2B88D0413E0F8A87808A4F395B23EF24
1143249222|2BA3902693B0C2208D953E4DD1165F06
1274127622|2BC4C2D1928FB77BE0639E97C2F7F4C5
1092930148|2C5ADCFE4817A1CFD6AEBABC22143E37
1196513752|2C62085696DE96EF122E5B77BE29A772
1091602462|2CAA05CFAFD08E18C81A46810F67D21B
1096517438|2CFF7BBAB9134B10A75652BE0766E30D
1208133599|2D3288E4E711DBBB905BAD8110367F92
1056056704|2E9BA19F62CA7AE56132B02FC1EC2D4C
1176408298|2EDDE055293C3E32FECD3C1904176E74
1058810052|2EFE9576C9204FDF6F73D96DC4F35C52
1137175900|2F5E0B7AC090F071232E3874067EABBB
839088000|300F4EB3ADFDD9318DBFFA3EE6E8891C
925409040|304A96791D32295B1E886ED5CE0528B3
1224280330|3074421324485872276921F457A1E36C
1270547522|309DB59ABA79CED286A73A709534EC31
1149707004|3111FCA0D74FA0FF0DFD3065E6493322
1069915380|316879C2E876B07D54A865BA75786374
1000933200|3170644D0864E98CD4C9DB6B97D5C06C
1198851218|318E22E52C5D2C3003FF7EE8C5B34671
1235777864|31B9979A206AC2042AA8D96B3FCDBD1F
1007193934|31D9B6033513ABEFD8A3DA48AC4B5775
1377176485|31FC5EBF5C8CE2237CADCFAD3AED7D4F
1343729570|3259C8EA4337DF393348720270D5FF6B
1056027904|32616D58B4A5C666F1FDEBD4084A01B5
1209780000|32AE551A56F4E912F48BC569DF951982
1020431160|32F002067BCC07E8B842115750ADA4BF
1548452884|32b476c17a68d77aa68a4b99109a2408
1208230182|33BE9D1C4B5380AD518FF8DAF74EFC77
1242695118|34D54E3EAFB420FCF2E6AF1CDD8B2286
1130970582|34E39BB659CE9D3F4E7179B8B9A44691
1178866156|350BB931652FF7B3041603A1961DD796
960523200|3586E4196BA0250A00881CDB3E6451B7
913325732|35ED3DC51268CF6DBF7E50E069E62617
1176999960|3611504965F08D197F1419D38553BE5F
1022191640|36CE10372CD439F64E394D64DD8DFA6B
975505454|371DD82F304CA38B8641543A6FE4C03B
1216680436|37D2A743040EA59705123F111B62514D
1196515530|37E57D73278DFC652AA286FA81D07840
1268732264|380F0EC82D7C4AB201C49697EA721963
1286557284|385522907C6EB804D2A5104E1AD959AA
936914400|38DB21372EE1BFD22B95E3AFBA496147
1162296300|3AAA1AD18509E50928F7D0D093264AF3
1233947372|3B704BA93A86C1A36B644F63EBE85AF0
945309600|3C4E926D7A9C9543A8959B817D5769E7
1209852000|3C7AAB0F4B56CFAF3987EB86F6669B5D
1153690000|3D9C5CF55AC8E632E120427ACA8D9BF3
945799200|3E2B8BF6DF6443C252093D89154D654A
1121180235|3EC6411F9EE774F79552522D35210780
1183093980|3EEDDDCFBBDA1DD11AB9151858E9E8CE
1171857600|3F196DAA9C7AA694EA90655D4938D05A
1343323250|3F2D15054B878C5D99C80013472F234B
1091663726|3F617632CCC24804AAC52767A13515D5
1092823200|3F9F40828B2E88FF919AEF9FCC39CE76
1091609114|3FD8B22ABEC3290E77E043AAA87C03F3
1092948176|40F0AA5E67517F480FC52B60330317AE
902539950|4126AB4A24D13D76F0736F36ED991968
1164240706|416ACCE24888703A2ECCB5DE31B51CF7
930336994|41BEFE6181D8CFAB0B784B55770CE8B9
1122502984|41C65E801AF3A90166F5C68C7F21885B
1208244560|420091CAF56409BA85963E7DD8533095
1188047160|423EC81F68E3D646E053A0CC3D79325E
1028322000|4246233156460A4B549321129B00339C
958101156|42FE3E4CFB9343CC676DE3C8EC9D6E28
1235684398|438362BDCD5AC29A6D61EC800E3A399A
1287329565|43B2BFB2633C2081D683210586E286BC
1041368400|43DA983415EA533F9E667FDB415F4655
1548450375|43e9bb5cd6737e3576c4d093d4248a06
1548452886|44179d416231c29e07573b409f0dd360
1202375880|44E214280CB7F9C17936F7C420B68655
957255308|44ECE5583BC2B9FB11AEA385A213E9CC
1091609130|459AF41CC934C2F997321F9DBB169E42
1091577380|465FD60933F72D70087E42BF70B1AB5D
978454924|469CB613D1F6059D208DE47C5BD23A97
1203417424|472A8022ECC15CD12362F8A0398CEF31
1041435756|4815D67494A5BB76D7E003B3541DD54A
1100244589|48277AB4C90DCD7BC318808B549242B5
1196829660|483C277EF021E3C153A4561308A43263
889895128|4877271C64A65110F5B055BBD53E32FA
1286569030|49134F28A404C136DE40E1213F31F473
1272369835|49E2E1F942DD4FEDEA50927D8B6430D8
1141975740|49EDC105BD66B0E1D7614D551E878576
1548452886|49be1458f8ae23f9bd790beb57997cd4
315821031|4A3DEB274BB5F0212C2419D3D8D08612
1092904942|4AFEF479B733A8821B17EB2EA59FCE25
924945720|4B7D06B6FD32161DF7D63D89BF46BBA1
1035649080|4BC6B9F2D699EB7C03669BD98C694538
1273188042|4BF8C1915ABF7AAE4BF86D8962F71D92
1208143099|4C66CD135B7FEE8647F4D1D94A8C05FB
1003257132|4C94C584374CF7D8450FEC214BCA0A3C
1343425888|4D699378B8D99B4F3ECA63857580D173
1092930108|4DA7D3B931AB2755A24093DD9728840E
1027015202|4DC3215530E334D38E2671898CC4FCD3
1003611600|4EA6557924FA2B6AF79D67BE9387A1A2
1092775744|4F17674870D7729F8CF0A78F85CBB5D6
1548452885|4be86f7b55a6e9120008ce32c6febfe1
1548452885|4e345566c42b10e81a0dc28e8b6cf8e7
1368272248|5048541AA4A4A2E69BB6C775ED2C6110
1256138240|509578AFCFC5CB0BE4008E43FFF367BF
1290266696|509E88FF7B257885775791FAF0965D6A
1091605944|510112FD7FB455E70E79DC3836748914
1031877154|51DE53C9C83602AC6173058341B0A1D8
1080147840|520DFEE4A4BE6A8FFF0D7B2665C548FE
1041368400|5298A37A359896F0D7BBEE334E74172C
1117809330|53D63D975A1AE3D9BCC52570AE46F17B
1001718000|54199FBF3407D2CB1C43E8A1C8F9EF66
1085338800|5531C63F05C7D0410825607482770FF3
1041368400|5531C63F05C7D041F7DA9F8B7D88F00E
1208131971|55EDCB78BD07C002273DD2C6CF2E37BC
1041372000|5645CF1926064A28C5CC155257FC83F2
1548450375|56e540c844d23ca9bebc0c9ea1d10891
848235600|579E2C78B3EF3E7C10995F15BEFF8442
917024400|5810390614237DCB260CB1896C9BB1C4
1059376740|5813B522FA0F3165AE403D99A476B551
1213251332|583B4BDE937EA49672650FAC9BC0EE16
1213233332|583B4BDE937EA4968D9AF053643F11EB
1087908698|5857576039A96258D275AFE57D78CA55
1208240998|589DA4D1DCECF11DDE4D06CCD9B69075
1109818800|58CE7DED2DADE10AC08D990EDA2B8E12
1162467962|58EE7F5E68310BC8D4E7CEBD8358C12E
1215035928|594EAB9A2FD751B8EBC870C4DDD099BC
1285221782|59821B1597FE9FC466E4611F3F30F9CA
1111465840|5AC461EE8FD8CF1DD97EFF2336BC18E8
1254517202|5B35E2C2B2B00253C60C552107AB14D2
1092273382|5B907E88D7AC4F52D6084EA3E7B159D7
1256847530|5BBA51A75AF766928F09A2C745D8323D
1205972116|5C53CFC93F332B109B2497ED38B51F25
988627860|5D018907A4A6524D388825156EEEFC18
1222700820|5D849B3209C1DBC7DDD9C691AB03F5EB
1127564558|5D9A940BE0AFFA07025CE9CAB3DF338B
1208185224|5E1B125F198AC3DEA5F7E3A5176EA0A5
1051078948|5E470CB991B0B535A1474057CAD3F8CF
963533506|5E4CA5A5D4ED0330D1EFA94D7378162E
1085338800|5E7337364C76F4E668BED213716FEF6B
1548450375|5a549ae19fd8ccb23eefa8531c227429
1548450375|5a61b493e8e37d87deaf4b2ea8b1cfa9
1184362440|60749A1D92F7CAFFD189C2267C7C2EBF
1548452886|608ffa874496f25606f8b515f5ffacb9
1548450375|609222b83358b1e4610078f3696b38fb
1126941952|610C7D30198D1E910AA2F1DF561C220B
1208131924|62A9B35C335A85311DC1280568CE9D89
944874000|62AA01621CCD809E89D13ADDD3F0B57B
1135040140|62E01A6C1F992CE4D2DEDE90DFEF0FA0
1056038704|632007D8F842DCB6F1F637BE26FBE791
1548450375|635c2e998cca84ec5bae5c6cc6c07979
991856320|638EDD4E468DCCFF788A93DEAF3A1BEB
1092786398|63DB5A5BD601AF81F801E0E769B0E089
1085338800|63FC9729AD08D2BD234EB3565657FA26
1377148860|6538099DBA00A80068712AD30B92B879
1208158402|6556975EA4D3A451F9F144459A1FB4B2
996782744|658AC30FFA0AFB23AA6B3CFEC8872A35
1101833124|6616E7CDE482F9BD12899CE1F373C0DD
1208131970|665FA83C0EA30B6CCB738D8ED3FF75C3
998175600|668F0D12020B6A389BC98B693B319996
1246490264|66948B15210C68F2D516E2D3930405B2
1253711796|674D0CB1DFC184D99CF1C9D8722BFA6F
1034839814|675E4001332A75A8165B43D9528A3A2B
1168390746|677EADF3FFDC14DF5044D7F16B0CE558
1056045904|67CB5DBE578124EDE716D90D6B411B36
1154476800|67D0D556773EA2AAC9DDCBE9EFA48EB6
1067329800|67DD9BA90BE95612EF04160BB7A64F3E
1548452884|67fc4eab6f4f39cdc260bf361fdc6339
1208185246|6921339127DE434CC41A9B73690DCF10
993299324|69F479F0CFCD10DC1120F698DD2F9C34
1073590658|6A4D1FC789A5B74915D27303767F263E
1208169748|6A87917995AB38892E60855D2BAE5410
1056049504|6A8B6F6A66CDDEBEB889A5373322CEA7
1164905400|6A92E8248DF5D43DFBA26B0283A31F30
1080151440|6A9B6657B8294468FA121AE9AA7DA509
1332853390|6AB8350593F4F91892F9E024A3377409
980990292|6AF221D3418ACB024833C077E1EEDFCB
1147833864|6AF8FF76AF3EF42E63B50D234118B071
1296409514|6B1B28E36E9B2AC2F5EB4E78F0C903BB
1203540596|6B9306C1F810D296273B580495D5A50C
1103017328|6BD6DEE5851EAED866F95AAAC64CFF48
1091606212|6CD73707B45C93A60CFAA0445227F73F
1121415358|6CF10DB52765183A29BC3DFB4C28D469
960523200|6DC5AE8E5B33AEFAD10BF246ACD5D1FC
1048552600|6E5FA0F0907765BDB4B3B7B982B45D34
1020493146|6ED7C22AE4B782EA8A04CBA77922B9E2
1140970716|6F51E59BC58BA6C7BA52B0A1BE6F2972
1066708318|6FB76DC51901ED2D666E329AEBC21462
1134453600|70AF32A00E0FDED09809A2A601880263
1208184698|70CA4B3F634C9DCA200832F8DA76E009
1082652641|71BAE49D7F45E84FEB7B301B58CAD699
1161577462|71D7DB81401C95FC40D9ED7F42A6F5AF
1247829078|72271EDB7397D8850BEE0896A15CDAA9
1173907910|72515C20B4522C1DAA0B3B1384C062C3
1091581008|73E073113A44390759DA30CF6379FC37
1091662620|7474904ECFD547B29CB9F3D8B2CF0C40
1091663752|74A6BEFCB339F41ADEB01761C48594D9
1251193772|75297F8DB075CCFE8F833AF94A0A8FF0
1208168572|77A600640D26FB284F34A6D574DD430B
1548450375|77d3f497b03029247760c4b61089b430
1343323155|782ADF0B8DA6CA057E938BC48C1AF2FA
1000422214|787B1B297351E5F40D7E46ACED2361A7
1296490169|7895F6999C996EE096F04DE0814C2012
1152481372|78BA4A4305CB4E57A2752FA5A35151A2
1161377662|7908D329DD722550BD05224B43A7EF91
1075338012|797F6F16C1396C61FDDFAB996BC48406
1033699230|798A82D504D4F56C6E723259CE2D231F
1141764998|79CEBBE5A528DE7DFD52E093F4397EDF
998638760|79EAC097ED462CCCBAF8BEAA582C5C26
1164923400|7A5F3F0438B558C4C545771A551A8A51
1064833800|7A76A8C1F482939E91E5EBF4D4EBE5C3
1086838288|7AD4B7646A77280FE88C8F4EEDBBE30E
1377175094|7B90C03FF8276664093AB362005FB549
1206070572|7BC83A76033FFB0736013E862416111D
1092273376|7C0F719A0A35502BA7DB0F44AC1C05DE
1056027904|7C2156ABDD4D96DDE5CEAE61D22172D9
1040774318|7C5163A87FA3D44FA5DDCC338C674ED5
1166700540|7C5D8C0B72C0D46DC9423B7BC502E323
1046749440|7D4F2D1193968149CD8B8F5A037E2E91
1247535716|7EDB2BF840ECB14D6E6B11C035708719
1208174400|7F1D573982DD877BF7D7718A1B8C1599
1030644458|7F2532F50CC22F4EBA49C84CAC02ED7A
961568016|7F25FDCA1979FA3F8A5CB5B7207615C4
1180037813|7F3A9BDDEEB945545601C0860AB50ECA
940283692|7F508DAB1FEF31F7C15E0DBA502B1E8C
1208187726|7F951F1F66EF3B9D9FF63AE4359FF8DD
1092273374|7F9D3C08C2E252B5507D009F1E4C69B5
1548452886|7a38cfb9c374793d21fa0346e4745a55
1285318460|8062E2FA6D821905253BF9CE48DDC5A7
1208201400|8079EB4C5FBF157A2D6B0BF844281BD3
971926298|8085B79530258A0352BBF980DC23D975
1003611600|81FC72A9FEF573AD41A49D1264D793A2
1548450375|81ea0a6f94c3925d86f1f7aea53f4894
960534000|820501DBF0316117EF8E98941191EBD2
1091606236|822D1875B12B6219CECE1D221349CEF4
1056038704|82A2D661E165D826ED0D37B7CF1AC345
1191489240|83A317449BBBC394C0687C588A05CD4D
1065223258|843E6936F7902BDF264E630F2AED6095
1294459114|84874F29C627606C26D920DF76F75562
1247534147|84EF5B7DCA59B4331A91819570278F16
1548450375|84d611d225fc077b569e682c88ef0911
1208244645|856AACD0DBAE46F6E7ACCB56A8326BDA
1056027904|869697FD0B75DE3CB54C17CCFC4E4F1C
998120210|86CB85E51B124108BA825E56C2B52185
938145840|87103B9457D3A25319954D4327F3281A
1041368400|877E028D6165EBEFF723138B1DC72F0B
1091605928|87BEE136883115D8BB5F9ED825FF4839
1118970222|87C45B862B884EF5D55D9ADE0FAB6CCA
1079086742|885B2D670D945AB83A06655BC108033B
944521200|8896DE4ED047BA097E82D75E4DA30D06
1128997140|88F8BF63823C690ED1F34CE5D92635AF
1548450375|88a60f9762e0017c224addb0284a1747
1089317418|8966DB3F1DD80FC4060C7FB82ADD2F95
1091618812|896E6B6FBC9F2A45E45E35DC8F985BAC
1056027904|8988CA31352BA4990E3AFD2C32FE4328
1041368400|89C27954A453A7D531C58719DA2A8FF7
1114715032|8A564075A47D89B6887424558378387A
868955880|8ADA0C36871CC7D8F619AF7033F56489
1091663708|8B07DCA514FCCB6655FCB517D8457CBF
908510640|8B581354165FA6BDAA87DBED41842264
1277384543|8BF910C1C0DFAFBFD0709A007B167C94
999770400|8C6A69CBF73ED13ED2622137883147CA
1061343291|8C7AF11E36F8994974FD26521C173CB0
1025660810|8CEC1AB185AF43A49934BDA9A3EDDC73
1308789436|8D3FA0C3B6B31CB8CADE127E27437D28
1093568006|8DA20AE60D22B9CA72AA2ADB08D77C82
1027435304|8DD7D67C416F3FBD374B537520103E1E
1208244612|8E86510C2CCA2F10127644D5804A3052
1117722038|8EC127FED530BE8C75893230DBF5061C
967205012|8F77E229B5959BB8AC0D73C930ABBE15
1548450375|8e605b54e7062633d0174daed2e93cb7
1112739064|9003FE11945F84CB519A2721AFCED94E
1061334344|90150FE97133A7ABD92C4FA428D36CC4
1122388852|902145308569FC88CCB47FF9C6816C51
1092837600|90BDB3E8AE72E65F1FFF7408D4A7D020
1091577332|912FA4BE40F41203006A786862460A6E
1178888580|916D5C1413041869210E76B056D1BAFB
1548452886|918c837acdd73b814d5949ad0da35199
1095420488|91A1FA94DC5895B7021B9E4B8BC28584
1302221788|920AE502475DD6E93FD47B58956B190C
1041372000|9254E4F816B751CBC872ADDFA9462A4F
1091581004|9376E6893E52B368ABC6255BF54F0B28
1091653200|9387C4096FC52EAEDCDD6B295A79466B
861084892|93C7BECD2F0B85366497E94CAF92A62F
1017806760|949B538BE8305A2D8534C3502CFFBA55
1208131946|95786E866A54C7782E60855D2BAE5410
954318992|95C067C6A204156E341AE8B4040A1032
1056038704|95DFE030B87311E11F3556915331F8C4
1247535613|95F9C2976059462CBBF227F7AAB10DE9
993517200|98A8FBE183B2479A3DB3C19FBE4CFA6E
1548450375|98f467fe9323c5e8bad69636ac4805c1
1208131913|99601F538D69B2C0E0E6ACDC3A1CD962
1056038704|9B2F5B9E745DEAAA57FB78329ED03061
1289393378|9B492E53629FBA9F72037673B62C33CA
1215662536|9B74C11511B2B59A9012FE0C43BA47A0
1200760395|9B89B3BB79EA1ACF041F40A7B6FC5827
1161986998|9BD6AD8DFB29AF6F363A611B0E10A90B
1041368400|9C0368D652F72D44DCB14CA9A9A805DB
1162478088|9C632DC0F1B6D79B05F46A4A5349CEF4
994361852|9C874267F506CC52B80205E7D7ED28EB
1131472182|9D7F5CFAE722E9D93BE4854DD3B9C616
1002599640|9D9ABEE18B03496FD71E9E1047A4E2E6
1247535691|9E01317ADE8625A618D07F6EAA4589E9
1208168543|9E4493F9DA73B26362E47ECB23B84BFA
970298564|9F851C6CE0AA24863E9B2457F35C5EC4
1548452885|9bec50feaa51ec10bd8337f35c819807
1203540605|A014BC57C99CEB1663B85D792CFBC682
1091588212|A045A8D70DFFF8064223F9DD897B476D
1245891366|A0A32BA4F5473CE6877F2A21211D7B86
1193695918|A0D5581039FB881BF439CD60B4E347CC
1208171853|A163F2DB9198CDA0DB62E8F473B66859
1041368400|A18CC8C9B3890B1B68BED213716FEF6B
947327332|A19F57E3080957FBEAC50634BE327504
1208158452|A1ADD54A91A18A0A686F733050BD70F6
1079047773|A1FDEEF3EF5E684FF91279827969A178
1208168553|A21FDEB8305E747405429F0E45511F9B
1343322477|A31C1C738A1ECB4E4F2762D7561498D0
1343322513|A395BD995031C202A674F84EC9B98109
1200912451|A41D6AFF8AFD743507887FD7747B35D3
1343322313|A4387C3D271959313E2577DB7BE8BA7A
1239434898|A4C8377FA4A994E07075107DBE2E3DCE
1208942368|A58A8D198092346DA1EFC0852F766636
964529956|A643E4B78D086DC90ACFBD7309E6636B
1285207382|A67DE4EA6801603D66E4611F3F30F9CA
926495922|A6CDCE2647D5BC945737336D12F51EC0
1206070554|A6D10E3E7149C8AF70AB256A84721C29
946342778|A6DB44785F7CD9E76F67D31EF8143DF6
960534000|A6F1B0F13E990F1790C0A8EE606D8F15
1096569300|A717E7AA0A3AA2652178938B3066D65E
1039707040|A894191ACD8B89C7B12D62B757A02059
1261437672|A8A54F386BD96A3F5A6600187428FAA9
894085262|A8B03B341018D65C1092D4CFFA5AD775
1208221229|A8C474DC9FD3A77564DA3241F9F942C5
1217605680|A8E2A6F6EE52A370CB4CC754E7B6414D
934892520|AA3CD4E3E8296D71F4E26D8B9716EE5A
1258840930|ABA887EF1A6647D187DF7BBF13C32A2E
918656910|ABBB7A1B31B0B940756FE42AF5491BFA
1008573904|ABD23A6F220F86844D8A28509B88740F
1153362276|AC3DA10512F2455FF95F659EF364A4E2
1377149873|AC702347AFC85FC65DB5983117098CAA
1261128443|AD67BC6F6FDC489C04BAE6E2D5F4E002
1091602478|AD7E33F70082EFBB7CA3A7B6D54F73AA
315820895|AD99B9121E1C94D9B6FEB18B3573A02E
1199863380|ADC6663B5BFB9FF12624CB54CDBDA4C8
1066676972|AE08177A267C40C0919056BB5664D65E
1268538761|AE1AB501768A6245A29E624724F85CE0
991266788|AE3D4055A1196182C45934DE66502F20
1333518846|AE5843D97C55F6F7B09817A38E737C23
1161516120|AEC229E992CCB42BD753353B93C20CD3
953810932|AF3A520B503E92FB6155A7AD0DBB5FAC
1039460528|AF8F39C4170D903D94A89F1B67C9147F
998179200|B03FEEF73E87366E7F5BC3E5FCCD9E1D
1267186899|B0DD469A8E98D995D32C5996BC9210F3
1264455308|B0E65920B69D4E651AC6DEC30874EC90
1002193310|B101BDE72AF461A64EFAAE58C121A542
989010302|B1035A2E505AF840EAAA5ED685D072D6
1152760740|B11F7B802A1D0F81DE8A680EDDF73111
1168389122|B24D1CF28618E4AE636CA271048FA341
1208138218|B2A664059D811BACCA6D580403E3E808
1146138480|B3D436F9EC555E9D051187357450FBD4
1199158362|B3E9B5730A1C7C375E13A23B0BA23912
1192069660|B3FB5F10FAB1FA849C923D11B0972000
1216481332|B40537087A2B15381BC26C2D21855735
1277020510|B4387354583AF61BAC431F0BBA65E1EF
1247534064|B4CA51F87E301789E2C7F746EB396AA4
1091606262|B6329ABA2211284031ECB1034D3A7046
1307379330|B6533DCA08A5CAE07F6B08F35BAA5DFB
1246586400|B6C87F771C4B0C80B380E929CCB1EB07
950753960|B6E01DD06FF3F47763A3C49722AE84AA
1299976678|B6FFAAE89AE0A767DE2EDD5EEF3ECEDA
1247535560|B784BC839C9F6C0F0E6F08BE37B82BEC
946838160|B86780E68B41BD523AF7CA2575AC2D40
934881720|B88069F3B6104C0FA2C1113C2751DDF4
1091531580|B8900509F79DF1082F1198255F36677F
1224052966|B8E87D247966E71500FC75C7B039EC20
1208162020|B94996F7C1B88942D6F95EFD93C236AA
1109884607|B95379E584FAE07B6577D5CF08D81E72
1132879718|BA2265FA50F1D589AA8140B1EBADDDD0
908934700|BAA7D1822C3762AC67E7D10F56DC0B44
1046491980|BAD7CF00BFDD4BC6DB8E3C1830A24F6B
1079086718|BB59F2B587683F1500578C9376EE2283
1091577350|BB98F19EF15C6CAABC81CAA6EB556E05
1093568010|BBF9308FB46346FCE755B5ABB1677422
931174044|BC71CEE752746C22570FF68FBB9ADD61
1043216672|BCE72F6963652F4535C2C71033340151
1108558140|BD6D70943DE5BDD64D85E9A3CFFAAB43
1353013783|BDFF3A5F10BB4DFB0D55E88FFCC4B90A
1289256914|BE1B93131DCE02E4D36A1E8A1E679561
1144959650|BE5BAD82215A0ECD17FA59FC9CE31741
1208201400|BF050992DECF53236965C3B1D627CF06
1143068400|BF8EDFE267BE1097CDDF327150A704DD
1201320488|BF978406B7189B4F6CBA252F1DC05E8F
925993320|C0393DCEF163DC3092310812A2AAD441
1089644400|C0A5C05AA3041EE4470BD779B0F402CF
1196515572|C1C4836AB8FBE52B56FEA851C64F4833
1208171848|C22C24261016B92668A78A362AEDE3E0
934881720|C2827A390FAC9ECEF290F28655BE6C4B
1135982466|C293127E169B0F2F02BB2CBED1057471
1080101839|C2B661369C68A46489853250354C393D
1041973636|C35A293FC417DC7634437D58C5D41247
887915640|C4324691DA43E30265C36C97D0D368B2
1030663606|C4A8860B1122A9AD607018CD61EC200F
1041372000|C58C70BF703528269C170D8C0C1FE498
1129548660|C7BD63AAE676376D6BDD0F98F21778EA
1208143157|C7C8A6CC88C4C6D33C516E994EFA1468
1325599844|C8D0502F49F7163A525E39E954B19CDC
1054529196|C8D68CE6239BA82DF7A45D727F719977
940039560|C8E4C4B41C87753DD88190B2ADE37C9A
1134785898|CA41FF58733FE243DDF7A42D6FD09D3F
1110990577|CB0925D76F8D018DF80E6353316561BB
1080151440|CB3F409283F59F422A5EF646C69FC5B9
949734572|CBD6B235939D55D2F1D596FCEDFFBFD6
1092786488|CC8FDF852C785102D8FA81A8B014F6C3
1290262641|CCA67BD391CFC9F036323B2522887A6A
1105702462|CCB99FB0935C330DBF073325BC63600C
1208143115|CCBE0F5D5859CE2B6E738F36D7CC8735
1041368400|CD1F7ED9842138BEADF9ECBF37818BEF
966662942|CD2DF3F1A2B20FAABA7D90717D3B2D26
1290262896|CD72C6406BA561BED6D42CB145E55307
1264025016|CD826F4F614EAC89FF0934A32786E4E2
861048890|CDC0E46CD1F4A9CE12548346372ACBF8
1041368400|CDD921B43B5D559E433E9715DE6A34CB
1109904254|CDE1546089C43C2D3E82A296989E9E2E
1208171870|CE67D48691172B107E9A8A4EA34CC80F
990746710|CF0EE9344AA4DBC63CC88F887744BCB4
1137041704|CFF566828551A7A12A9FA66576E30659
675522686|CFFADD7B8CA251D72F26CB6A4DF7AEE6
1111620870|D0504C3DB273CD66260BC47024F54B9A
1170955140|D0B4E9F60EC324113F67A229798EA044
1167362722|D1C9CE4F34FB68B08A8D3CDC19BC1B3B
1208131919|D25C03D04159D462D69F294BA7142BDB
1157299424|D289ECC6F36C9F24CAE2FF4E15805BD9
1308789372|D2CF54BB63DB08C984D6D2ADDB6AA11D
920011194|D346AC8CC3C2C23DBF4D9D27A68C77F2
911451252|D4E9C084F503D7CD824235765280FC64
1041368400|D565E1DB2E98752E902B4A69805C989A
1056049504|D5BFDCB8E2E8DE7073EE848A1E6A30BC
993159232|D62F77F756B108ACA23E79DF12C566D2
1290608471|D6C3C5E97FB307D653C737087F660A6A
1208164310|D6E9EE768CA1FC81AC648AB74B4A9710
1208131971|D7075E95AA599EE77B7A89D39296BD3D
1208171838|D76CFA0153531E454EF7CF5A58CA534B
1122923410|D8F4146D52EFD10B3FF36C3D859E587B
1208184716|D91B89BD088AA761A146C4B502E62376
1208131928|D95C71052E5EF63B55997FB31483D02F
1128454892|DA3E0B9933F0D9E786B066EA37C73E05
998094972|DAD4490C526D2205A93366971C72642D
1171737430|DB537D49842B78E78D6E4CE3A33FAB34
1208131969|DBBA9819F7AD386D55F2DA53808F55C7
1247534179|DBD10464E7246C9E722025DEBC093D01
1011900032|DC2072D1B71F7116258A1BF20516B4EC
1092794400|DCBA0F851A3D1466D83FBE1E0069C736
998120190|DD330FEE3BFA00B000BA272D1EAC80E1
1272369743|DD6A5D496847EB0E859BC3655F582FA3
998120174|DDEF03BE6291501B6A9CA00769A01DCA
1208143128|DEA1F478654B13C582D08C604D488065
1233335520|DF7BB4A74414039D1DEAC099EA1E9F13
1307496110|DFA79024875D7C9D2232C45249478550
1027047602|E0D67AC1D416C552399A512BFBAC55C2
1092786444|E0DB0949AB5744951293BDB4CC8A1543
998722800|E0E267055EAB5ED4BAF32C8AEE5490F3
1200113354|E0F3EB94943FAF9EECFCEC29F3E51147
1092794400|E1B1CC3129E56F69DCAB36492030E77C
1096267400|E26D91F93584012949F0D5803FD06613
1094245860|E280571894E9ECE7FFAEDFFF6746CBF4
1092980554|E36F7D43459AA64AF9F96DF15C3A2230
946738800|E46CB54C92B33A676EDF8C564025BD72
1281714448|E4F77539A8511A67AFF1EE09E259D97F
1116600888|E501F0304654815A515B6C82F9D1A84C
1208131928|E535E0A413655208D7180154150881C6
1162494995|E53AA49695B7BD95808B7C6DA170A40E
1093564412|E545F9B568F17DB6CA442DDBE44E39DF
1045812434|E5945DE04D55778C0D808BC648FD318F
1377172090|E5E48FEED73D463175EAB1542495191C
1270353829|E6254A46F479415D5C4D6C4379F60351
1092775758|E6F8D508A310DEDCA90FE687D167D58F
1348458218|E713A7077DCFEA13F32CE1DB86629E43
1091658600|E7DFCAE3B17A6B654E9D4E6456E2303F
1314890452|E7F021A98FCC2AD52DA29658F405E810
1102730566|E8B43A142B80583784F10551CB2CD604
1119287054|E93642295B47830502F66CB9262AF633
1001520000|E9BB2AB5959A2E00AF1B11F31F0E32EF
1068492628|EA123877EAC90F6063010978FE1C3D2E
1332944041|EAA78B0F69CF41CD61F76B1CFC8156CB
1208240982|EB2115D098343A6F735F5F6076A333DD
999917526|EB88BB7A36A322FC2E046D05A5ADF3C8
568061302|ECE4F3F89BC2F144DCD5E0D91A3D2E88
1117809330|ED012BB58A30FF3D944699FDBC2EAFFE
1001718000|ED172F3F4188D159353FD6B0D1E699C7
1315274696|EEF17AACB69D938FD0D006DA6F148517
1051168058|EEF60AE57A5DF0D727CA0638AF1966EF
1164159418|EF773F873F64A3DDCED9F2DBD40CBA6E
998636216|F04FA724D144ABB5B104D1A7AFE5C0BE
1169529494|F0B938B00B953E19DEFD80E04BDF868C
1041368400|F12B25F9403C3F6A52B0FF0FE0D27E2B
1124253804|F17CB80AFB34DDA586FD8B95BE74E6C2
1078073106|F18B4ACD1A9D70D1CA6E97024DC02DED
315590400|F1D3FF8443297732862DF21DC4E57262
1261153830|F21A5C3E0DBA2BAF44DF5C30FFC10064
1092775766|F233ECCFED61EA284F34255640556DF8
999741600|F26493D66401778C9A159102DBDAB7D5
1208138200|F4B2EC558040BFE67FDF460BE54BB5B6
1208131910|F4C43C66471B87996D95DB7A3A664A37
1086402410|F4C9B75A40A79C0F3987C3088AA2F63B
1325650512|F5EE6CC3712E24CEE064D20B17202EDA
1171114192|F62D638D09F58E180556D09B3DAFE82E
1092270132|F660C54632B1D836FD32B1F45EC94BC9
1091606282|F6A68428F37671BAE94399E8F89044BE
941718852|F887B1399CC63D8BCB8DC32781965A97
960523200|F88D4BBED222C2849F93B171CB94CDC9
1208131931|F8BA18CC8190D02D0A50B30BC8A35FB7
1198876434|F995C82CA1F8AA2E718B039C1675B92D
949638612|F9A89B5C90BDFB0A756F30F35568EE63
1091589170|FA1FE73D03B3861C05CB26CABDBE4F96
1223393580|FA39292D6E9E61D94E5C11B3DCF38B73
1204092526|FA42F549070B17C6257363CCA7178C7C
1093568012|FA5BFD2894B47E54E80F94816ACE28C8
1056480540|FA6973BBE89049A6D1D3509F95ED9CF5
1030655258|FA9E4938ED93B840445874E51E211793
908905900|FADCAC809511ABC52014E6FE78BCC48F
1120270308|FAFF3C18B4DD540BEEC8DC5E33337539
950692112|FBC0D04B8E0E8D4A7272F9397A543560
943354444|FCBC29A890845FCA17308BE533B7C1D4
1091606254|FDAA8D63FDCD9A691FB6AF6FAFB0F609
1156565912|FDD2789A59EC95786BEFF710E57831FD
1092837600|FE9D8B60CF998A2D19EB134549A4692A
1208131924|FF3BF3DCBB9603ECFE22DEA8D6A02D78
1084938444|FF62EB2870F70CC4E6D40614BE81B78E
1548450375|a7dde0ea7afedf2892699a990c36c4ce
1548452885|a944acd68fa85d7512224d96ffa30466
1548450375|af08e9974bdb11ebd1cfaef565f12932
1548450375|b0b3aafaeed4a29421a3a57b2d126683
1548452885|bc3e41669d9eeee4443c5c0ebe26a148
1548452885|bfebf32a9e5471878c0a115a8c86e7c0
1548450375|c3ceac12b06709788f4f879e09fb8d54
1548452884|d20007c21d9af50db189ffb9b93cb78f
1548452886|e784eb9d9bd318d9cc48c9739820387b
1548450375|eab1151d284c83bd2dabfae532b55382
1548450375|ec6a8d8ffae9238d99857658c9a6efea
1548452885|efd15b1af963333e8cd78646dc2acc78
1548452886|f7b61944181bb5c369cb2291a101b107
1548450375|fe2fe09be424ea275c7b745f5512d0ef
